<?xml version="1.0" encoding="UTF-8"?>
<testsuite name="PythagoreanTripletTest" tests="7" skipped="0" failures="0" errors="0" timestamp="2018-08-09T12:38:35" hostname="MacBook-Pro-7.local" time="0.043">
  <properties/>
  <testcase name="shouldCalculateSum" classname="PythagoreanTripletTest" time="0.0"/>
  <testcase name="testIsPythagoreanFail" classname="PythagoreanTripletTest" time="0.0"/>
  <testcase name="testIsPythagoreanOK" classname="PythagoreanTripletTest" time="0.0"/>
  <testcase name="shouldMakeTripletsUpToTen" classname="PythagoreanTripletTest" time="0.03"/>
  <testcase name="shouldMakeTripletsElevenToTwenty" classname="PythagoreanTripletTest" time="0.001"/>
  <testcase name="shouldMakeTripletsAndFilterOnSum" classname="PythagoreanTripletTest" time="0.011"/>
  <testcase name="shouldCalculateProduct" classname="PythagoreanTripletTest" time="0.0"/>
  <system-out><![CDATA[]]></system-out>
  <system-err><![CDATA[]]></system-err>
</testsuite>
